{"level":"verbose","message":"best book founded!","service":"your-service-name","timestamp":"2023-03-27 15:36:07"}
{"level":"verbose","message":"best book founded!","service":"your-service-name","timestamp":"2023-03-27 15:36:07"}
{"level":"verbose","message":"wrong password used","service":"your-service-name","timestamp":"2023-03-27 15:46:08"}
{"level":"verbose","message":"641db11064189fba78df876e/marc@test.fr has used a wrong password","service":"your-service-name","timestamp":"2023-03-27 15:46:50"}
{"level":"verbose","message":"user : gab@test.fr submitted a wrong login form","service":"your-service-name","timestamp":"2023-03-27 15:55:21"}
{"level":"verbose","message":"user : gab@test.fr submitted a wrong login form","service":"your-service-name","timestamp":"2023-03-28 09:51:06"}
{"level":"verbose","message":"user : gab@test.fr submitted a wrong login form","service":"your-service-name","timestamp":"2023-03-28 09:51:07"}
{"level":"verbose","message":"user : gab@test.fr submitted a wrong login form","service":"your-service-name","timestamp":"2023-03-28 09:51:08"}
{"level":"verbose","message":"user : gab@test.fr submitted a wrong login form","service":"your-service-name","timestamp":"2023-03-28 09:51:08"}
{"level":"verbose","message":"user : gab@test.fr submitted a wrong login form","service":"your-service-name","timestamp":"2023-03-28 09:56:13"}
{"level":"verbose","message":"user : 6421a05e2849c043be0584c5/jeangab@test.fr has used a wrong password","service":"your-service-name","timestamp":"2023-03-28 09:56:46"}
{"level":"verbose","message":"user : 6421a05e2849c043be0584c5/jeangab@test.fr has used a wrong password","service":"your-service-name","timestamp":"2023-03-28 09:56:48"}
{"level":"verbose","message":"user : 6421a05e2849c043be0584c5/jeangab@test.fr has used a wrong password","service":"your-service-name","timestamp":"2023-03-28 09:56:48"}
{"level":"verbose","message":"user : 6421a05e2849c043be0584c5/jeangab@test.fr has used a wrong password","service":"your-service-name","timestamp":"2023-03-28 09:56:49"}
{"level":"verbose","message":"user : 6421a05e2849c043be0584c5/jeangab@test.fr has used a wrong password","service":"your-service-name","timestamp":"2023-03-28 10:22:18"}
{"level":"verbose","message":"user : 6421a05e2849c043be0584c5/jeangab@test.fr has used a wrong password","service":"your-service-name","timestamp":"2023-03-28 10:22:20"}
{"level":"verbose","message":"user : 6421a05e2849c043be0584c5/jeangab@test.fr has used a wrong password","service":"your-service-name","timestamp":"2023-03-28 10:22:20"}
{"level":"verbose","message":"user : 6421a05e2849c043be0584c5/jeangab@test.fr has used a wrong password","service":"your-service-name","timestamp":"2023-03-28 10:22:20"}
{"level":"verbose","message":"user : 6421a05e2849c043be0584c5/jeangab@test.fr has used a wrong password","service":"your-service-name","timestamp":"2023-03-28 10:22:21"}
{"level":"verbose","message":"user : a@b.g submitted a wrong login form","service":"your-service-name","timestamp":"2023-03-28 10:27:38"}
{"level":"verbose","message":"user : a@b.g submitted a wrong login form","service":"your-service-name","timestamp":"2023-03-28 10:28:13"}
{"level":"verbose","message":"user : a@b.g submitted a wrong login form","service":"your-service-name","timestamp":"2023-03-28 10:28:47"}
{"level":"verbose","message":"user : a@b.g submitted a wrong login form","service":"your-service-name","timestamp":"2023-03-28 10:28:56"}
{"level":"verbose","message":"user : a@b.g submitted a wrong login form","service":"your-service-name","timestamp":"2023-03-28 10:29:35"}
{"level":"verbose","message":"user : a@b.g submitted a wrong login form","service":"your-service-name","timestamp":"2023-03-28 10:36:07"}
{"level":"verbose","message":"user : 6421a05e2849c043be0584c5/jeangab@test.fr has used a wrong password","service":"your-service-name","timestamp":"2023-03-28 10:44:35"}
{"level":"verbose","message":"user : 6421a05e2849c043be0584c5/jeangab@test.fr has used a wrong password","service":"your-service-name","timestamp":"2023-03-28 10:44:37"}
{"level":"verbose","message":"user : 6421a05e2849c043be0584c5/jeangab@test.fr has used a wrong password","service":"your-service-name","timestamp":"2023-03-28 10:44:38"}
{"level":"verbose","message":"user : 6421a05e2849c043be0584c5/jeangab@test.fr has used a wrong password","service":"your-service-name","timestamp":"2023-03-28 10:44:38"}
{"level":"verbose","message":"user : 6421a05e2849c043be0584c5/jeangab@test.fr has used a wrong password","service":"your-service-name","timestamp":"2023-03-28 10:44:39"}
{"level":"verbose","message":"user : 641db11064189fba78df876e/marc@test.fr has used a wrong password","service":"your-service-name","timestamp":"2023-03-29 11:54:34"}
{"level":"verbose","message":"user : 641db11064189fba78df876e/marc@test.fr has used a wrong password","service":"your-service-name","timestamp":"2023-03-29 11:54:35"}
{"level":"verbose","message":"user : 641db11064189fba78df876e/marc@test.fr has used a wrong password","service":"your-service-name","timestamp":"2023-03-29 11:54:35"}
{"level":"verbose","message":"user : 641db11064189fba78df876e/marc@test.fr has used a wrong password","service":"your-service-name","timestamp":"2023-03-29 11:54:36"}
{"level":"verbose","message":"user : 641db11064189fba78df876e/marc@test.fr has used a wrong password","service":"your-service-name","timestamp":"2023-03-29 11:54:36"}
{"level":"verbose","message":"user : 641db11064189fba78df876e/marc@test.fr has used a wrong password","service":"your-service-name","timestamp":"2023-03-29 11:55:22"}
{"level":"verbose","message":"user : 641db11064189fba78df876e/marc@test.fr has used a wrong password","service":"your-service-name","timestamp":"2023-03-29 12:10:15"}
{"level":"verbose","message":"user : 641db11064189fba78df876e/marc@test.fr has used a wrong password","service":"your-service-name","timestamp":"2023-03-29 12:10:16"}
{"level":"verbose","message":"user : 641db11064189fba78df876e/marc@test.fr has used a wrong password","service":"your-service-name","timestamp":"2023-03-29 12:10:17"}
{"level":"verbose","message":"user : 641db11064189fba78df876e/marc@test.fr has used a wrong password","service":"your-service-name","timestamp":"2023-03-29 12:10:17"}
{"level":"verbose","message":"user : 641db11064189fba78df876e/marc@test.fr has used a wrong password","service":"your-service-name","timestamp":"2023-03-29 12:10:18"}
{"level":"verbose","message":"user : 641db11064189fba78df876e/marc@test.fr has used a wrong password","service":"your-service-name","timestamp":"2023-03-29 12:10:58"}
{"level":"verbose","message":"user : 641db11064189fba78df876e/marc@test.fr has used a wrong password","service":"your-service-name","timestamp":"2023-03-29 12:11:00"}
{"level":"verbose","message":"user : 641db11064189fba78df876e/marc@test.fr has used a wrong password","service":"your-service-name","timestamp":"2023-03-29 12:11:01"}
{"level":"verbose","message":"user : 641db11064189fba78df876e/marc@test.fr has used a wrong password","service":"your-service-name","timestamp":"2023-03-29 12:11:01"}
{"level":"verbose","message":"user : 641db11064189fba78df876e/marc@test.fr has used a wrong password","service":"your-service-name","timestamp":"2023-03-29 12:11:01"}
{"level":"verbose","message":"user : 641db11064189fba78df876e/marc@test.fr has used a wrong password","service":"your-service-name","timestamp":"2023-03-29 12:20:29"}
{"level":"verbose","message":"user : 641db11064189fba78df876e/marc@test.fr has used a wrong password","service":"your-service-name","timestamp":"2023-03-29 12:21:10"}
{"level":"verbose","message":"user : 641db11064189fba78df876e/marc@test.fr has used a wrong password","service":"your-service-name","timestamp":"2023-03-29 12:21:11"}
{"level":"verbose","message":"user : 641db11064189fba78df876e/marc@test.fr has used a wrong password","service":"your-service-name","timestamp":"2023-03-29 12:21:11"}
{"level":"verbose","message":"user : 641db11064189fba78df876e/marc@test.fr has used a wrong password","service":"your-service-name","timestamp":"2023-03-29 12:21:12"}
{"level":"verbose","message":"user : 641db11064189fba78df876e/marc@test.fr has used a wrong password","service":"your-service-name","timestamp":"2023-03-29 12:26:36"}
{"level":"verbose","message":"user : 641db11064189fba78df876e/marc@test.fr has used a wrong password","service":"your-service-name","timestamp":"2023-03-29 12:26:40"}
{"level":"verbose","message":"user : 641db11064189fba78df876e/marc@test.fr has used a wrong password","service":"your-service-name","timestamp":"2023-03-29 12:26:41"}
{"level":"verbose","message":"user : 641db11064189fba78df876e/marc@test.fr has used a wrong password","service":"your-service-name","timestamp":"2023-03-29 12:26:41"}
{"level":"verbose","message":"user : 641db11064189fba78df876e/marc@test.fr has used a wrong password","service":"your-service-name","timestamp":"2023-03-29 12:26:42"}
{"level":"verbose","message":"user : 641db11064189fba78df876e/marc@test.fr has used a wrong password","service":"your-service-name","timestamp":"2023-03-29 12:31:27"}
{"level":"verbose","message":"user : 641db11064189fba78df876e/marc@test.fr has used a wrong password","service":"your-service-name","timestamp":"2023-03-29 12:31:28"}
{"level":"verbose","message":"user : 641db11064189fba78df876e/marc@test.fr has used a wrong password","service":"your-service-name","timestamp":"2023-03-29 12:31:28"}
{"level":"verbose","message":"user : 641db11064189fba78df876e/marc@test.fr has used a wrong password","service":"your-service-name","timestamp":"2023-03-29 12:31:28"}
{"level":"verbose","message":"user : 641db11064189fba78df876e/marc@test.fr has used a wrong password","service":"your-service-name","timestamp":"2023-03-29 12:31:28"}
{"level":"verbose","message":"user : 641db11064189fba78df876e/marc@test.fr has used a wrong password","service":"your-service-name","timestamp":"2023-03-29 13:53:45"}
{"level":"verbose","message":"user : 641c14df7460ada034568af5/lionel@test.fr is trying to signin again","service":"your-service-name","timestamp":"2023-03-30 09:26:30"}
{"level":"verbose","message":"user : frank@test.fr submitted a wrong signup form","service":"your-service-name","timestamp":"2023-03-30 11:07:15"}
{"level":"verbose","message":"user : 642556b08d131e2fed6fd517/frank@test.fr is trying to signin again","service":"your-service-name","timestamp":"2023-03-30 11:30:28"}
{"level":"verbose","message":"user : frank@test.fr submitted a wrong signup form","service":"your-service-name","timestamp":"2023-03-30 11:42:56"}
{"level":"verbose","message":"user : gab@test.fr submitted a wrong login form","service":"your-service-name","timestamp":"2023-03-31 14:42:34"}
